<?xml version="1.0" encoding="UTF-8"?>
<!-- Generated by org.testng.reporters.JUnitReportReporter -->
<testsuite hostname="saurabh-gloify" failures="0" tests="1" name="test.simp.AppTest" time="12.270" errors="0" timestamp="2023-03-30T16:52:45 IST" skipped="0">
  <testcase classname="test.simp.AppTest" name="lauchapp" time="12.270"/>
  <system-out/>
</testsuite> <!-- test.simp.AppTest -->
